This file contains any messages produced by compilers while
running configure, to aid debugging if configure makes a mistake.

It was created by byobu configure 5.121, which was
generated by GNU Autoconf 2.69.  Invocation command line was

  $ ./configure --prefix=/home/murat/byobu

## --------- ##
## Platform. ##
## --------- ##

hostname = murat-lab
uname -m = x86_64
uname -r = 4.10.0-42-generic
uname -s = Linux
uname -v = #46~16.04.1-Ubuntu SMP Mon Dec 4 15:57:59 UTC 2017

/usr/bin/uname -p = unknown
/bin/uname -X     = unknown

/bin/arch              = unknown
/usr/bin/arch -k       = unknown
/usr/convex/getsysinfo = unknown
/usr/bin/hostinfo      = unknown
/bin/machine           = unknown
/usr/bin/oslevel       = unknown
/bin/universe          = unknown

PATH: /home/murat/byobu/bin
PATH: /home/murat/byobu/bin
PATH: /opt/ros/kinetic/bin
PATH: /usr/local/cuda-8.0/bin
PATH: /home/murat/bin
PATH: /home/murat/.local/bin
PATH: /usr/local/sbin
PATH: /usr/local/bin
PATH: /usr/sbin
PATH: /usr/bin
PATH: /sbin
PATH: /bin
PATH: /usr/games
PATH: /usr/local/games
PATH: /snap/bin


## ----------- ##
## Core tests. ##
## ----------- ##

configure:1767: checking for a BSD-compatible install
configure:1835: result: /usr/bin/install -c
configure:1846: checking whether build environment is sane
configure:1901: result: yes
configure:2052: checking for a thread-safe mkdir -p
configure:2091: result: /bin/mkdir -p
configure:2098: checking for gawk
configure:2114: found /usr/bin/gawk
configure:2125: result: gawk
configure:2136: checking whether make sets $(MAKE)
configure:2158: result: yes
configure:2187: checking whether make supports nested variables
configure:2204: result: yes
configure:2330: checking whether ln -s works
configure:2334: result: yes
configure:2499: checking that generated files are newer than configure
configure:2505: result: done
configure:2513: creating ./config.status

## ---------------------- ##
## Running config.status. ##
## ---------------------- ##

This file was extended by byobu config.status 5.121, which was
generated by GNU Autoconf 2.69.  Invocation command line was

  CONFIG_FILES    = 
  CONFIG_HEADERS  = 
  CONFIG_LINKS    = 
  CONFIG_COMMANDS = 
  $ ./config.status 

on murat-lab

config.status:790: creating Makefile
config.status:790: creating etc/byobu/Makefile
config.status:790: creating etc/profile.d/Makefile
config.status:790: creating etc/profile.d/Z97-byobu.sh
config.status:790: creating usr/bin/byobu
config.status:790: creating usr/bin/byobu-config
config.status:790: creating usr/bin/byobu-ctrl-a
config.status:790: creating usr/bin/byobu-disable
config.status:790: creating usr/bin/byobu-disable-prompt
config.status:790: creating usr/bin/byobu-enable
config.status:790: creating usr/bin/byobu-enable-prompt
config.status:790: creating usr/bin/byobu-export
config.status:790: creating usr/bin/byobu-janitor
config.status:790: creating usr/bin/byobu-launch
config.status:790: creating usr/bin/byobu-launcher
config.status:790: creating usr/bin/byobu-launcher-install
config.status:790: creating usr/bin/byobu-launcher-uninstall
config.status:790: creating usr/bin/byobu-layout
config.status:790: creating usr/bin/byobu-prompt
config.status:790: creating usr/bin/byobu-quiet
config.status:790: creating usr/bin/byobu-reconnect-sockets
config.status:790: creating usr/bin/byobu-select-backend
config.status:790: creating usr/bin/byobu-select-profile
config.status:790: creating usr/bin/byobu-select-session
config.status:790: creating usr/bin/byobu-shell
config.status:790: creating usr/bin/byobu-silent
config.status:790: creating usr/bin/byobu-status
config.status:790: creating usr/bin/byobu-status-detail
config.status:790: creating usr/bin/byobu-ugraph
config.status:790: creating usr/bin/byobu-ulevel
config.status:790: creating usr/lib/byobu/include/config.py
config.status:790: creating usr/lib/byobu/include/dirs
config.status:790: creating usr/lib/byobu/include/toggle-utf8
config.status:790: creating usr/share/byobu/tests/byobu-time-notifications
config.status:790: creating usr/share/byobu/desktop/Makefile
config.status:790: creating usr/share/byobu/keybindings/Makefile
config.status:790: creating usr/share/byobu/pixmaps/Makefile
config.status:790: creating usr/share/byobu/profiles/Makefile
config.status:790: creating usr/share/byobu/status/Makefile
config.status:790: creating usr/share/byobu/tests/Makefile
config.status:790: creating usr/share/byobu/windows/Makefile
config.status:790: creating usr/share/dbus-1/services/Makefile
config.status:790: creating usr/share/doc/byobu/Makefile
config.status:790: creating usr/lib/byobu/Makefile
config.status:790: creating usr/lib/byobu/include/Makefile
config.status:790: creating usr/share/man/man1/Makefile
config.status:790: creating usr/bin/Makefile

## ---------------- ##
## Cache variables. ##
## ---------------- ##

ac_cv_env_build_alias_set=
ac_cv_env_build_alias_value=
ac_cv_env_host_alias_set=
ac_cv_env_host_alias_value=
ac_cv_env_target_alias_set=
ac_cv_env_target_alias_value=
ac_cv_path_install='/usr/bin/install -c'
ac_cv_path_mkdir=/bin/mkdir
ac_cv_prog_AWK=gawk
ac_cv_prog_make_make_set=yes
am_cv_make_support_nested_variables=yes

## ----------------- ##
## Output variables. ##
## ----------------- ##

ACLOCAL='${SHELL} /home/murat/byobu-src/missing aclocal-1.15'
AMTAR='$${TAR-tar}'
AM_BACKSLASH='\'
AM_DEFAULT_V='$(AM_DEFAULT_VERBOSITY)'
AM_DEFAULT_VERBOSITY='1'
AM_V='$(V)'
AUTOCONF='${SHELL} /home/murat/byobu-src/missing autoconf'
AUTOHEADER='${SHELL} /home/murat/byobu-src/missing autoheader'
AUTOMAKE='${SHELL} /home/murat/byobu-src/missing automake-1.15'
AWK='gawk'
CYGPATH_W='echo'
DEFS='-DPACKAGE_NAME=\"byobu\" -DPACKAGE_TARNAME=\"byobu\" -DPACKAGE_VERSION=\"5.121\" -DPACKAGE_STRING=\"byobu\ 5.121\" -DPACKAGE_BUGREPORT=\"http://byobu.org\" -DPACKAGE_URL=\"\" -DPACKAGE=\"byobu\" -DVERSION=\"5.121\"'
ECHO_C=''
ECHO_N='-n'
ECHO_T=''
INSTALL_DATA='${INSTALL} -m 644'
INSTALL_PROGRAM='${INSTALL}'
INSTALL_SCRIPT='${INSTALL}'
INSTALL_STRIP_PROGRAM='$(install_sh) -c -s'
LIBOBJS=''
LIBS=''
LN_S='ln -s'
LTLIBOBJS=''
MAKEINFO='${SHELL} /home/murat/byobu-src/missing makeinfo'
MKDIR_P='/bin/mkdir -p'
PACKAGE='byobu'
PACKAGE_BUGREPORT='http://byobu.org'
PACKAGE_NAME='byobu'
PACKAGE_STRING='byobu 5.121'
PACKAGE_TARNAME='byobu'
PACKAGE_URL=''
PACKAGE_VERSION='5.121'
PATH_SEPARATOR=':'
SET_MAKE=''
SHELL='/bin/bash'
STRIP=''
VERSION='5.121'
am__isrc=''
am__leading_dot='.'
am__tar='$${TAR-tar} chof - "$$tardir"'
am__untar='$${TAR-tar} xf -'
bindir='${exec_prefix}/bin'
build_alias=''
datadir='${datarootdir}'
datarootdir='${prefix}/share'
docdir='${datarootdir}/doc/${PACKAGE_TARNAME}'
dvidir='${docdir}'
exec_prefix='${prefix}'
host_alias=''
htmldir='${docdir}'
includedir='${prefix}/include'
infodir='${datarootdir}/info'
install_sh='${SHELL} /home/murat/byobu-src/install-sh'
libdir='${exec_prefix}/lib'
libexecdir='${exec_prefix}/libexec'
localedir='${datarootdir}/locale'
localstatedir='${prefix}/var'
mandir='${datarootdir}/man'
mkdir_p='$(MKDIR_P)'
oldincludedir='/usr/include'
pdfdir='${docdir}'
prefix='/home/murat/byobu'
program_transform_name='s,x,x,'
psdir='${docdir}'
runstatedir='${localstatedir}/run'
sbindir='${exec_prefix}/sbin'
sharedstatedir='${prefix}/com'
sysconfdir='${prefix}/etc'
target_alias=''

## ----------- ##
## confdefs.h. ##
## ----------- ##

/* confdefs.h */
#define PACKAGE_NAME "byobu"
#define PACKAGE_TARNAME "byobu"
#define PACKAGE_VERSION "5.121"
#define PACKAGE_STRING "byobu 5.121"
#define PACKAGE_BUGREPORT "http://byobu.org"
#define PACKAGE_URL ""
#define PACKAGE "byobu"
#define VERSION "5.121"

configure: exit 0
